#
# There is insufficient memory for the Java Runtime Environment to continue.
# Native memory allocation (mmap) failed to map 268435456 bytes for Failed to commit area from 0x0000000701e00000 to 0x0000000711e00000 of length 268435456.
# Possible reasons:
#   The system is out of physical RAM or swap space
#   The process is running with CompressedOops enabled, and the Java Heap may be blocking the growth of the native heap
# Possible solutions:
#   Reduce memory load on the system
#   Increase physical memory or swap space
#   Check if swap backing store is full
#   Decrease Java heap size (-Xmx/-Xms)
#   Decrease number of Java threads
#   Decrease Java thread stack sizes (-Xss)
#   Set larger code cache with -XX:ReservedCodeCacheSize=
# This output file may be truncated or incomplete.
#
#  Out of Memory Error (src/hotspot/os/windows/os_windows.cpp:3627), pid=18912, tid=2836
#
# JRE version:  (11.0.15) (build )
# Java VM: OpenJDK 64-Bit Server VM (11.0.15+0-b2043.56-8887301, mixed mode, sharing, tiered, compressed oops, g1 gc, windows-amd64)
# No core dump will be written. Minidumps are not enabled by default on client versions of Windows
#

---------------  S U M M A R Y ------------

Command Line: org.jetbrains.kotlin.cli.jvm.K2JVMCompiler @C:\Users\Home\AndroidStudioProjects\RickyAndMorty\app\build\20230409_11464884104790801259.compiler.options

Host: Intel(R) Core(TM) i5-8250U CPU @ 1.60GHz, 8 cores, 15G,  Windows 10 , 64 bit Build 19041 (10.0.19041.1466)
Time: Sun Apr  9 22:34:27 2023 RTZ 2 (s 10 , 64 bit Build 19041 (10.0.19041.1466) elapsed time: 0.016052 seconds (0d 0h 0m 0s)

---------------  T H R E A D  ---------------

Current thread (0x00000270d8da4800):  JavaThread "Unknown thread" [_thread_in_vm, id=2836, stack(0x000000b6df900000,0x000000b6dfa00000)]

Stack: [0x000000b6df900000,0x000000b6dfa00000]
Native frames: (J=compiled Java code, j=interpreted, Vv=VM code, C=native code)
V  [jvm.dll+0x64135a]
V  [jvm.dll+0x7d39f9]
V  [jvm.dll+0x7d51b9]
V  [jvm.dll+0x7d58a3]
V  [jvm.dll+0x2691c5]
V  [jvm.dll+0x63e4e9]
V  [jvm.dll+0x632985]
V  [jvm.dll+0x3231ac]
V  [jvm.dll+0x323032]
V  [jvm.dll+0x327c06]
V  [jvm.dll+0x36ffa2]
V  [jvm.dll+0x36fa01]
V  [jvm.dll+0x2fea28]
V  [jvm.dll+0x2ffb25]
V  [jvm.dll+0x7accd7]
V  [jvm.dll+0x7ae49f]
V  [jvm.dll+0x37d299]
V  [jvm.dll+0x78ef9f]
V  [jvm.dll+0x3ec847]
V  [jvm.dll+0x3eed31]
C  [jli.dll+0x52cb]
C  [ucrtbase.dll+0x21bb2]
C  [KERNEL32.DLL+0x17034]
C  [ntdll.dll+0x52651]


---------------  P R O C E S S  ---------------

Threads class SMR info:
_java_thread_list=0x00000270d6bf0f70, length=0, elements={
}

Java Threads: ( => current thread )

Other Threads:
  0x00000270d8dbd800 GCTaskThread "GC Thread#0" [stack: 0x000000b6dfa00000,0x000000b6dfb00000] [id=19016]
  0x00000270d8e1b800 ConcurrentGCThread "G1 Main Marker" [stack: 0x000000b6dfb00000,0x000000b6dfc00000] [id=15952]
  0x00000270d8e1e000 ConcurrentGCThread "G1 Conc#0" [stack: 0x000000b6dfc00000,0x000000b6dfd00000] [id=8300]

[error occurred during error reporting (printing all threads), id 0xc0000005, EXCEPTION_ACCESS_VIOLATION (0xc0000005) at pc=0x00007fff83d5f3e7]

VM state:not at safepoint (not fully initialized)

VM Mutex/Monitor currently owned by a thread:  ([mutex/lock_event])
[0x00000270d8da1620] Heap_lock - owner thread: 0x00000270d8da4800

Heap address: 0x0000000701e00000, size: 4066 MB, Compressed Oops mode: Non-zero based: 0x0000000701e00000
Narrow klass base: 0x0000000000000000, Narrow klass shift: 0

GC Heap History (0 events):
No events

Deoptimization events (0 events):
No events

Classes redefined (0 events):
No events

Internal exceptions (0 events):
No events

Events (1 events):
Event: 0.007 Loaded shared library C:\Users\Home\Downloads\android-studio-2022.1.1.12-windows\android-studio\jbr\bin\zip.dll


Dynamic libraries:
0x00007ff669ae0000 - 0x00007ff669aea000 	C:\Users\Home\Downloads\android-studio-2022.1.1.12-windows\android-studio\jbr\bin\java.exe
0x00007ff800510000 - 0x00007ff800705000 	C:\Windows\SYSTEM32\ntdll.dll
0x00007fffc79f0000 - 0x00007fffc7a09000 	C:\Program Files\Avast Software\Avast\aswhook.dll
0x00007fffff8c0000 - 0x00007fffff97e000 	C:\Windows\System32\KERNEL32.DLL
0x00007ffffdd80000 - 0x00007ffffe048000 	C:\Windows\System32\KERNELBASE.dll
0x00007ffffe300000 - 0x00007ffffe400000 	C:\Windows\System32\ucrtbase.dll
0x00007fffea110000 - 0x00007fffea127000 	C:\Users\Home\Downloads\android-studio-2022.1.1.12-windows\android-studio\jbr\bin\jli.dll
0x00007fffea0b0000 - 0x00007fffea0cb000 	C:\Users\Home\Downloads\android-studio-2022.1.1.12-windows\android-studio\jbr\bin\VCRUNTIME140.dll
0x00007ff8000e0000 - 0x00007ff800281000 	C:\Windows\System32\USER32.dll
0x00007ffffe400000 - 0x00007ffffe422000 	C:\Windows\System32\win32u.dll
0x00007fffe4bf0000 - 0x00007fffe4e8a000 	C:\Windows\WinSxS\amd64_microsoft.windows.common-controls_6595b64144ccf1df_6.0.19041.1110_none_60b5254171f9507e\COMCTL32.dll
0x00007fffffad0000 - 0x00007fffffafb000 	C:\Windows\System32\GDI32.dll
0x00007ffffdc70000 - 0x00007ffffdd7d000 	C:\Windows\System32\gdi32full.dll
0x00007fffffa30000 - 0x00007ffffface000 	C:\Windows\System32\msvcrt.dll
0x00007ffffe050000 - 0x00007ffffe0ed000 	C:\Windows\System32\msvcp_win.dll
0x00007fffff980000 - 0x00007fffff9b0000 	C:\Windows\System32\IMM32.DLL
0x00007fffea020000 - 0x00007fffea0ad000 	C:\Users\Home\Downloads\android-studio-2022.1.1.12-windows\android-studio\jbr\bin\msvcp140.dll
0x00007fffdc9e0000 - 0x00007fffdc9ec000 	C:\Windows\SYSTEM32\VCRUNTIME140_1.dll
0x00007fff83a50000 - 0x00007fff8460c000 	C:\Users\Home\Downloads\android-studio-2022.1.1.12-windows\android-studio\jbr\bin\server\jvm.dll
0x00007ffffeb50000 - 0x00007ffffebfe000 	C:\Windows\System32\ADVAPI32.dll
0x00007ffffe540000 - 0x00007ffffe5dc000 	C:\Windows\System32\sechost.dll
0x00007ff800290000 - 0x00007ff8003b5000 	C:\Windows\System32\RPCRT4.dll
0x00007ffffeb40000 - 0x00007ffffeb48000 	C:\Windows\System32\PSAPI.DLL
0x00007fffe7010000 - 0x00007fffe7019000 	C:\Windows\SYSTEM32\WSOCK32.dll
0x00007fffe6440000 - 0x00007fffe6467000 	C:\Windows\SYSTEM32\WINMM.dll
0x00007ffff59b0000 - 0x00007ffff59ba000 	C:\Windows\SYSTEM32\VERSION.dll
0x00007fffff7f0000 - 0x00007fffff85b000 	C:\Windows\System32\WS2_32.dll
0x00007ffffc490000 - 0x00007ffffc4a2000 	C:\Windows\SYSTEM32\kernel.appcore.dll
0x00007ffffae70000 - 0x00007ffffae80000 	C:\Users\Home\Downloads\android-studio-2022.1.1.12-windows\android-studio\jbr\bin\verify.dll
0x00007ffffb9f0000 - 0x00007ffffbbd4000 	C:\Windows\SYSTEM32\DBGHELP.DLL
0x00007ffff3fc0000 - 0x00007ffff3fec000 	C:\Windows\SYSTEM32\dbgcore.DLL
0x00007ffffe430000 - 0x00007ffffe4b2000 	C:\Windows\System32\bcryptPrimitives.dll
0x00007ffff7b80000 - 0x00007ffff7ba8000 	C:\Users\Home\Downloads\android-studio-2022.1.1.12-windows\android-studio\jbr\bin\java.dll
0x00007ffffae60000 - 0x00007ffffae6a000 	C:\Users\Home\Downloads\android-studio-2022.1.1.12-windows\android-studio\jbr\bin\jimage.dll
0x00007fffe9fb0000 - 0x00007fffe9fc8000 	C:\Users\Home\Downloads\android-studio-2022.1.1.12-windows\android-studio\jbr\bin\zip.dll

dbghelp: loaded successfully - version: 4.0.5 - missing functions: none
symbol engine: initialized successfully - sym options: 0x614 - pdb path: .;C:\Users\Home\Downloads\android-studio-2022.1.1.12-windows\android-studio\jbr\bin;C:\Windows\SYSTEM32;C:\Program Files\Avast Software\Avast;C:\Windows\WinSxS\amd64_microsoft.windows.common-controls_6595b64144ccf1df_6.0.19041.1110_none_60b5254171f9507e;C:\Users\Home\Downloads\android-studio-2022.1.1.12-windows\android-studio\jbr\bin\server

VM Arguments:
java_command: org.jetbrains.kotlin.cli.jvm.K2JVMCompiler @C:\Users\Home\AndroidStudioProjects\RickyAndMorty\app\build\20230409_11464884104790801259.compiler.options
java_class_path (initial): C:\Users\Home\.gradle\caches\modules-2\files-2.1\org.jetbrains.kotlin\kotlin-compiler-embeddable\1.7.20\8db18559a581dd2c36ddfd5046af145650f5b126\kotlin-compiler-embeddable-1.7.20.jar;C:\Users\Home\.gradle\caches\modules-2\files-2.1\org.jetbrains.kotlin\kotlin-reflect\1.7.20\12b2501e33bb6373e8e347c86d85481863629381\kotlin-reflect-1.7.20.jar;C:\Users\Home\.gradle\caches\modules-2\files-2.1\org.jetbrains.kotlin\kotlin-stdlib\1.7.20\726594ea9ba2beb2ee113647fefa9a10f9fabe52\kotlin-stdlib-1.7.20.jar;C:\Users\Home\.gradle\caches\modules-2\files-2.1\org.jetbrains.kotlin\kotlin-script-runtime\1.7.20\bcd1cc6f865e632550357fcc59f5ffd532615a8\kotlin-script-runtime-1.7.20.jar;C:\Users\Home\.gradle\caches\modules-2\files-2.1\org.jetbrains.kotlin\kotlin-daemon-embeddable\1.7.20\1e24355adad8d529d75d5b19eab55484057431ba\kotlin-daemon-embeddable-1.7.20.jar;C:\Users\Home\.gradle\caches\modules-2\files-2.1\org.jetbrains.intellij.deps\trove4j\1.0.20200330\3afb14d5f9ceb459d724e907a21145e8ff394f02\trove4j-1.0.20200330.jar;C:\Users\Home\.gradle\caches\modules-2\files-2.1\net.java.dev.jna\jna\5.6.0\330f2244e9030119ab3030fc3fededc86713d9cc\jna-5.6.0.jar;C:\Users\Home\.gradle\caches\modules-2\files-2.1\org.jetbrains.kotlin\kotlin-stdlib-common\1.7.20\e15351bdaf9fa06f009be5da7a202e4184f00ae3\kotlin-stdlib-common-1.7.20.jar;C:\Users\Home\.gradle\caches\modules-2\files-2.1\org.jetbrains\annotations\13.0\919f0dfe192fb4e063e7dacadee7f8bb9a2672a9\annotations-13.0.jar
Launcher Type: SUN_STANDARD

[Global flags]
     intx CICompilerCount                          = 4                                         {product} {ergonomic}
     uint ConcGCThreads                            = 2                                         {product} {ergonomic}
     uint G1ConcRefinementThreads                  = 8                                         {product} {ergonomic}
   size_t G1HeapRegionSize                         = 1048576                                   {product} {ergonomic}
    uintx GCDrainStackTargetSize                   = 64                                        {product} {ergonomic}
   size_t InitialHeapSize                          = 268435456                                 {product} {ergonomic}
   size_t MarkStackSize                            = 4194304                                   {product} {ergonomic}
   size_t MaxHeapSize                              = 4263510016                                {product} {ergonomic}
   size_t MinHeapDeltaBytes                        = 1048576                                   {product} {ergonomic}
    uintx NonNMethodCodeHeapSize                   = 5836300                                {pd product} {ergonomic}
    uintx NonProfiledCodeHeapSize                  = 122910970                              {pd product} {ergonomic}
    uintx ProfiledCodeHeapSize                     = 122910970                              {pd product} {ergonomic}
    uintx ReservedCodeCacheSize                    = 251658240                              {pd product} {ergonomic}
     bool SegmentedCodeCache                       = true                                      {product} {ergonomic}
     bool UseCompressedClassPointers               = true                                 {lp64_product} {ergonomic}
     bool UseCompressedOops                        = true                                 {lp64_product} {ergonomic}
     bool UseG1GC                                  = true                                      {product} {ergonomic}
     bool UseLargePagesIndividualAllocation        = false                                  {pd product} {ergonomic}

Logging:
Log output configuration:
 #0: stdout all=warning uptime,level,tags
 #1: stderr all=off uptime,level,tags

Environment Variables:
PATH=C:\Windows\system32;C:\Windows;C:\Windows\System32\Wbem;C:\Windows\System32\WindowsPowerShell\v1.0\;C:\Windows\System32\OpenSSH\;C:\Program Files (x86)\NVIDIA Corporation\PhysX\Common;C:\Program Files\NVIDIA Corporation\NVIDIA NvDLISR;C:\Program Files\Git\cmd;C:\Users\Home\AppData\Local\Programs\Python\Python35\Scripts\;C:\Users\Home\AppData\Local\Programs\Python\Python35\;C:\Users\Home\AppData\Local\Programs\Python\Python38\Scripts\;C:\Users\Home\AppData\Local\Programs\Python\Python38\;C:\Users\Home\AppData\Local\Programs\Python\Python310\Scripts\;C:\Users\Home\AppData\Local\Programs\Python\Python310\;C:\Users\Home\AppData\Local\Microsoft\WindowsApps;
USERNAME=Home
OS=Windows_NT
PROCESSOR_IDENTIFIER=Intel64 Family 6 Model 142 Stepping 10, GenuineIntel



---------------  S Y S T E M  ---------------

OS: Windows 10 , 64 bit Build 19041 (10.0.19041.1466)
OS uptime: 0 days 2:54 hours

CPU:total 8 (initial active 8) (4 cores per cpu, 2 threads per core) family 6 model 142 stepping 10 microcode 0xb4, cmov, cx8, fxsr, mmx, sse, sse2, sse3, ssse3, sse4.1, sse4.2, popcnt, avx, avx2, aes, clmul, erms, 3dnowpref, lzcnt, ht, tsc, tscinvbit, bmi1, bmi2, adx, fma

Memory: 4k page, system-wide physical 16263M (1567M free)
TotalPageFile size 20359M (AvailPageFile size 257M)
current process WorkingSet (physical memory assigned to process): 10M, peak: 10M
current process commit charge ("private bytes"): 60M, peak: 316M

vm_info: OpenJDK 64-Bit Server VM (11.0.15+0-b2043.56-8887301) for windows-amd64 JRE (11.0.15+0-b2043.56-8887301), built on Jul 29 2022 23:19:47 by "builduser" with unknown MS VC++:1929

END.
